2026-05-25 03:28:58.495 MSK [10456] FATAL:  password authentication failed for user "postgres"
2026-05-25 03:28:58.495 MSK [10456] DETAIL:  Password does not match for user "postgres".
	Connection matched file "C:/Program Files/PostgreSQL/18.1-2.1C/data/pg_hba.conf" line 117: "host    all             all             ::1/128                 md5"
2026-05-25 03:32:31.018 MSK [16048] FATAL:  password authentication failed for user "User"
2026-05-25 03:32:31.018 MSK [16048] DETAIL:  Role "User" does not exist.
	Connection matched file "C:/Program Files/PostgreSQL/18.1-2.1C/data/pg_hba.conf" line 117: "host    all             all             ::1/128                 md5"
2026-05-25 03:32:39.489 MSK [28308] FATAL:  password authentication failed for user "User"
2026-05-25 03:32:39.489 MSK [28308] DETAIL:  Role "User" does not exist.
	Connection matched file "C:/Program Files/PostgreSQL/18.1-2.1C/data/pg_hba.conf" line 117: "host    all             all             ::1/128                 md5"
2026-05-25 03:32:44.040 MSK [24176] FATAL:  password authentication failed for user "User"
2026-05-25 03:32:44.040 MSK [24176] DETAIL:  Role "User" does not exist.
	Connection matched file "C:/Program Files/PostgreSQL/18.1-2.1C/data/pg_hba.conf" line 117: "host    all             all             ::1/128                 md5"
2026-05-25 03:32:51.695 MSK [13144] FATAL:  password authentication failed for user "User"
2026-05-25 03:32:51.695 MSK [13144] DETAIL:  Role "User" does not exist.
	Connection matched file "C:/Program Files/PostgreSQL/18.1-2.1C/data/pg_hba.conf" line 117: "host    all             all             ::1/128                 md5"
2026-05-25 03:33:37.016 MSK [6796] WARNING:  setting an MD5-encrypted password
2026-05-25 03:33:37.016 MSK [6796] DETAIL:  MD5 password support is deprecated and will be removed in a future release of PostgreSQL.
2026-05-25 03:33:37.016 MSK [6796] HINT:  Refer to the PostgreSQL documentation for details about migrating to another password type.
2026-05-25 03:33:45.892 MSK [14340] FATAL:  password authentication failed for user "User"
2026-05-25 03:33:45.892 MSK [14340] DETAIL:  Role "User" does not exist.
	Connection matched file "C:/Program Files/PostgreSQL/18.1-2.1C/data/pg_hba.conf" line 117: "host    all             all             ::1/128                 md5"
2026-05-25 03:33:49.441 MSK [4432] FATAL:  password authentication failed for user "User"
2026-05-25 03:33:49.441 MSK [4432] DETAIL:  Role "User" does not exist.
	Connection matched file "C:/Program Files/PostgreSQL/18.1-2.1C/data/pg_hba.conf" line 117: "host    all             all             ::1/128                 md5"
2026-05-25 03:34:30.391 MSK [6796] WARNING:  setting an MD5-encrypted password
2026-05-25 03:34:30.391 MSK [6796] DETAIL:  MD5 password support is deprecated and will be removed in a future release of PostgreSQL.
2026-05-25 03:34:30.391 MSK [6796] HINT:  Refer to the PostgreSQL documentation for details about migrating to another password type.
2026-05-25 03:34:37.549 MSK [17228] FATAL:  terminating connection due to administrator command
2026-05-25 03:34:37.549 MSK [30820] FATAL:  terminating connection due to administrator command
2026-05-25 03:34:37.549 MSK [6796] FATAL:  terminating connection due to administrator command
2026-05-25 03:34:37.576 MSK [7012] LOG:  shutting down
2026-05-25 03:34:37.578 MSK [7012] LOG:  checkpoint starting: shutdown immediate
2026-05-25 03:34:37.592 MSK [7012] LOG:  checkpoint complete: wrote 1 buffers (0.0%), wrote 1 SLRU buffers; 0 WAL file(s) added, 0 removed, 0 recycled; write=0.004 s, sync=0.001 s, total=0.016 s; sync files=2, longest=0.001 s, average=0.001 s; distance=2 kB, estimate=2 kB; lsn=2A/EDCA9700, redo lsn=2A/EDCA9700
