2026-05-25 03:34:39.001 MSK [21140] LOG:  database system was shut down at 2026-05-25 03:34:37 MSK
2026-05-25 03:34:47.772 MSK [22908] FATAL:  password authentication failed for user "User"
2026-05-25 03:34:47.772 MSK [22908] DETAIL:  Role "User" does not exist.
	Connection matched file "C:/Program Files/PostgreSQL/18.1-2.1C/data/pg_hba.conf" line 117: "host    all             all             ::1/128                 md5"
2026-05-25 03:35:31.662 MSK [26188] LOG:  could not receive data from client: An existing connection was forcibly closed by the remote host.
	
2026-05-25 03:35:31.662 MSK [4144] LOG:  could not receive data from client: An existing connection was forcibly closed by the remote host.
	
2026-05-25 03:39:39.005 MSK [33732] LOG:  checkpoint starting: time
2026-05-25 03:39:39.017 MSK [33732] LOG:  checkpoint complete: wrote 0 buffers (0.0%), wrote 3 SLRU buffers; 0 WAL file(s) added, 0 removed, 0 recycled; write=0.002 s, sync=0.001 s, total=0.012 s; sync files=2, longest=0.001 s, average=0.001 s; distance=0 kB, estimate=0 kB; lsn=2A/EDCA9808, redo lsn=2A/EDCA97B0
2026-05-25 03:40:25.174 MSK [25396] FATAL:  password authentication failed for user "posrgres"
2026-05-25 03:40:25.174 MSK [25396] DETAIL:  Role "posrgres" does not exist.
	Connection matched file "C:/Program Files/PostgreSQL/18.1-2.1C/data/pg_hba.conf" line 117: "host    all             all             ::1/128                 md5"
2026-05-25 03:42:35.999 MSK [6112] ERROR:  syntax error at or near "'plpgsql'" at character 28
2026-05-25 03:42:35.999 MSK [6112] STATEMENT:  CREATE PROCEDURAL LANGUAGE 'plpgsql' HANDLER plpgsql_call_handler
2026-05-25 03:42:35.999 MSK [6112] WARNING:  there is no transaction in progress
2026-05-25 03:44:39.024 MSK [33732] LOG:  checkpoint starting: time
2026-05-25 03:46:45.037 MSK [33732] LOG:  checkpoint complete: wrote 1153 buffers (7.0%), wrote 1 SLRU buffers; 0 WAL file(s) added, 1 removed, 0 recycled; write=125.860 s, sync=0.143 s, total=126.014 s; sync files=658, longest=0.001 s, average=0.001 s; distance=7179 kB, estimate=7179 kB; lsn=2A/EE3D35E0, redo lsn=2A/EE3AC5C0
2026-05-25 03:48:48.995 MSK [8096] FATAL:  terminating connection due to administrator command
2026-05-25 03:48:48.995 MSK [33552] FATAL:  terminating connection due to administrator command
2026-05-25 03:48:48.995 MSK [32964] FATAL:  terminating connection due to administrator command
2026-05-25 03:48:48.995 MSK [31088] FATAL:  terminating connection due to administrator command
2026-05-25 03:48:48.995 MSK [27336] FATAL:  terminating connection due to administrator command
2026-05-25 03:48:49.001 MSK [33732] LOG:  shutting down
2026-05-25 03:48:49.002 MSK [33732] LOG:  checkpoint starting: shutdown immediate
2026-05-25 03:48:49.007 MSK [33732] LOG:  checkpoint complete: wrote 0 buffers (0.0%), wrote 0 SLRU buffers; 0 WAL file(s) added, 0 removed, 0 recycled; write=0.000 s, sync=0.000 s, total=0.006 s; sync files=0, longest=0.000 s, average=0.000 s; distance=156 kB, estimate=6477 kB; lsn=2A/EE3D3690, redo lsn=2A/EE3D3690
